<?xml version="1.0" encoding="UTF-8"?>
<testng-results skipped="0" failed="0" ignored="0" total="1" passed="1">
  <reporter-output>
  </reporter-output>
  <suite name="Default suite" duration-ms="20600" started-at="2018-09-10T09:56:35Z" finished-at="2018-09-10T09:56:56Z">
    <groups>
    </groups>
    <test name="Default test" duration-ms="20600" started-at="2018-09-10T09:56:35Z" finished-at="2018-09-10T09:56:56Z">
      <class name="Test1">
        <test-method status="PASS" signature="run()[pri:0, instance:Test1@fad74ee]" name="run" duration-ms="20551" started-at="2018-09-10T09:56:35Z" finished-at="2018-09-10T09:56:56Z">
          <reporter-output>
          </reporter-output>
        </test-method> <!-- run -->
      </class> <!-- Test1 -->
    </test> <!-- Default test -->
  </suite> <!-- Default suite -->
</testng-results>
